2023-04-15 20:22:11 INFO     Model: TransE
2023-04-15 20:22:11 INFO     Data Path: data/FB15k-237
2023-04-15 20:22:11 INFO     #entity: 14541
2023-04-15 20:22:11 INFO     #relation: 237
2023-04-15 20:22:12 INFO     #train: 272115
2023-04-15 20:22:12 INFO     #valid: 17535
2023-04-15 20:22:12 INFO     #test: 20466
2023-04-15 20:22:12 INFO     Model Parameter Configuration:
2023-04-15 20:22:12 INFO     Parameter gamma: torch.Size([1]), require_grad = False
2023-04-15 20:22:12 INFO     Parameter embedding_range: torch.Size([1]), require_grad = False
2023-04-15 20:22:12 INFO     Parameter entity_embedding: torch.Size([14541, 50]), require_grad = True
2023-04-15 20:22:12 INFO     Parameter relation_embedding: torch.Size([237, 50]), require_grad = True
2023-04-15 20:23:43 INFO     randomly_sampled: 36
2023-04-15 20:23:43 INFO     Time: 88.64152574539185
2023-04-15 20:23:45 INFO     Using cached matrix: cached_matrices/matrix_FB15k-237_k2_nrw10.npz
2023-04-15 20:23:45 INFO     Time: 0.04687643051147461
2023-04-15 20:23:45 INFO     Ramdomly Initializing TransE Model...
2023-04-15 20:23:45 INFO     Start Training...
2023-04-15 20:23:45 INFO     init_step = 0
2023-04-15 20:23:45 INFO     batch_size = 64
2023-04-15 20:23:45 INFO     negative_adversarial_sampling = 0
2023-04-15 20:23:45 INFO     negative_k_hop_sampling = 2
2023-04-15 20:23:45 INFO     negative_n_random_walks = 10
2023-04-15 20:23:45 INFO     hidden_dim = 50
2023-04-15 20:23:45 INFO     gamma = 1.000000
2023-04-15 20:23:45 INFO     negative_adversarial_sampling = False
2023-04-15 20:23:45 INFO     learning_rate = 0
2023-04-15 20:24:15 INFO     Training average positive_sample_loss at step 0: 1.618798
2023-04-15 20:24:15 INFO     Training average negative_sample_loss at step 0: 0.226757
2023-04-15 20:24:15 INFO     Training average loss at step 0: 0.922778
2023-04-15 20:24:15 INFO     Evaluating on Valid Dataset...
2023-04-15 20:24:40 INFO     Evaluating the model... (0/2192)
2023-04-15 20:27:32 INFO     Evaluating the model... (1000/2192)
2023-04-15 20:30:46 INFO     Evaluating the model... (2000/2192)
2023-04-15 20:31:20 INFO     Valid MRR at step 0: 0.005484
2023-04-15 20:31:20 INFO     Valid MR at step 0: 7100.829541
2023-04-15 20:31:20 INFO     Valid HITS@1 at step 0: 0.004733
2023-04-15 20:31:20 INFO     Valid HITS@3 at step 0: 0.005190
2023-04-15 20:31:20 INFO     Valid HITS@10 at step 0: 0.005589
2023-04-15 20:31:52 INFO     Training average positive_sample_loss at step 100: 1.620987
2023-04-15 20:31:52 INFO     Training average negative_sample_loss at step 100: 0.224337
2023-04-15 20:31:52 INFO     Training average loss at step 100: 0.922662
2023-04-15 20:31:55 INFO     Training average positive_sample_loss at step 200: 1.557342
2023-04-15 20:31:55 INFO     Training average negative_sample_loss at step 200: 0.238725
2023-04-15 20:31:55 INFO     Training average loss at step 200: 0.898034
2023-04-15 20:31:57 INFO     Training average positive_sample_loss at step 300: 1.509834
2023-04-15 20:31:57 INFO     Training average negative_sample_loss at step 300: 0.251273
2023-04-15 20:31:57 INFO     Training average loss at step 300: 0.880553
2023-04-15 20:32:00 INFO     Training average positive_sample_loss at step 400: 1.458823
2023-04-15 20:32:00 INFO     Training average negative_sample_loss at step 400: 0.264510
2023-04-15 20:32:00 INFO     Training average loss at step 400: 0.861666
2023-04-15 20:32:03 INFO     Training average positive_sample_loss at step 500: 1.419532
2023-04-15 20:32:03 INFO     Training average negative_sample_loss at step 500: 0.274656
2023-04-15 20:32:03 INFO     Training average loss at step 500: 0.847094
2023-04-15 20:32:06 INFO     Training average positive_sample_loss at step 600: 1.384326
2023-04-15 20:32:06 INFO     Training average negative_sample_loss at step 600: 0.285318
2023-04-15 20:32:06 INFO     Training average loss at step 600: 0.834822
2023-04-15 20:32:09 INFO     Training average positive_sample_loss at step 700: 1.350762
2023-04-15 20:32:09 INFO     Training average negative_sample_loss at step 700: 0.295136
2023-04-15 20:32:09 INFO     Training average loss at step 700: 0.822949
2023-04-15 20:32:12 INFO     Training average positive_sample_loss at step 800: 1.315259
2023-04-15 20:32:12 INFO     Training average negative_sample_loss at step 800: 0.304564
2023-04-15 20:32:12 INFO     Training average loss at step 800: 0.809912
2023-04-15 20:32:15 INFO     Training average positive_sample_loss at step 900: 1.287560
2023-04-15 20:32:15 INFO     Training average negative_sample_loss at step 900: 0.311825
2023-04-15 20:32:15 INFO     Training average loss at step 900: 0.799692
2023-04-15 20:32:18 INFO     Training average positive_sample_loss at step 1000: 1.269322
2023-04-15 20:32:18 INFO     Training average negative_sample_loss at step 1000: 0.320435
2023-04-15 20:32:18 INFO     Training average loss at step 1000: 0.794878
2023-04-15 20:32:21 INFO     Training average positive_sample_loss at step 1100: 1.243890
2023-04-15 20:32:21 INFO     Training average negative_sample_loss at step 1100: 0.326299
2023-04-15 20:32:21 INFO     Training average loss at step 1100: 0.785094
2023-04-15 20:32:24 INFO     Training average positive_sample_loss at step 1200: 1.220586
2023-04-15 20:32:24 INFO     Training average negative_sample_loss at step 1200: 0.333244
2023-04-15 20:32:24 INFO     Training average loss at step 1200: 0.776915
2023-04-15 20:32:26 INFO     Training average positive_sample_loss at step 1300: 1.193265
2023-04-15 20:32:26 INFO     Training average negative_sample_loss at step 1300: 0.339074
2023-04-15 20:32:26 INFO     Training average loss at step 1300: 0.766169
2023-04-15 20:32:29 INFO     Training average positive_sample_loss at step 1400: 1.184338
2023-04-15 20:32:29 INFO     Training average negative_sample_loss at step 1400: 0.344045
2023-04-15 20:32:29 INFO     Training average loss at step 1400: 0.764192
2023-04-15 20:32:32 INFO     Training average positive_sample_loss at step 1500: 1.170867
2023-04-15 20:32:32 INFO     Training average negative_sample_loss at step 1500: 0.350480
2023-04-15 20:32:32 INFO     Training average loss at step 1500: 0.760673
2023-04-15 20:32:35 INFO     Training average positive_sample_loss at step 1600: 1.151576
2023-04-15 20:32:35 INFO     Training average negative_sample_loss at step 1600: 0.355073
2023-04-15 20:32:35 INFO     Training average loss at step 1600: 0.753324
2023-04-15 20:32:38 INFO     Training average positive_sample_loss at step 1700: 1.131134
2023-04-15 20:32:38 INFO     Training average negative_sample_loss at step 1700: 0.359874
2023-04-15 20:32:38 INFO     Training average loss at step 1700: 0.745504
2023-04-15 20:32:41 INFO     Training average positive_sample_loss at step 1800: 1.124060
2023-04-15 20:32:41 INFO     Training average negative_sample_loss at step 1800: 0.365931
2023-04-15 20:32:41 INFO     Training average loss at step 1800: 0.744996
2023-04-15 20:32:44 INFO     Training average positive_sample_loss at step 1900: 1.111942
2023-04-15 20:32:44 INFO     Training average negative_sample_loss at step 1900: 0.368169
2023-04-15 20:32:44 INFO     Training average loss at step 1900: 0.740056
2023-04-15 20:32:47 INFO     Training average positive_sample_loss at step 2000: 1.089896
2023-04-15 20:32:47 INFO     Training average negative_sample_loss at step 2000: 0.373939
2023-04-15 20:32:47 INFO     Training average loss at step 2000: 0.731917
2023-04-15 20:32:49 INFO     Training average positive_sample_loss at step 2100: 1.076943
2023-04-15 20:32:49 INFO     Training average negative_sample_loss at step 2100: 0.377669
2023-04-15 20:32:49 INFO     Training average loss at step 2100: 0.727306
2023-04-15 20:32:52 INFO     Training average positive_sample_loss at step 2200: 1.068964
2023-04-15 20:32:52 INFO     Training average negative_sample_loss at step 2200: 0.381730
2023-04-15 20:32:52 INFO     Training average loss at step 2200: 0.725347
2023-04-15 20:32:55 INFO     Training average positive_sample_loss at step 2300: 1.059381
2023-04-15 20:32:55 INFO     Training average negative_sample_loss at step 2300: 0.385656
2023-04-15 20:32:55 INFO     Training average loss at step 2300: 0.722519
2023-04-15 20:32:58 INFO     Training average positive_sample_loss at step 2400: 1.040969
2023-04-15 20:32:58 INFO     Training average negative_sample_loss at step 2400: 0.389854
2023-04-15 20:32:58 INFO     Training average loss at step 2400: 0.715411
2023-04-15 20:33:01 INFO     Training average positive_sample_loss at step 2500: 1.032732
2023-04-15 20:33:01 INFO     Training average negative_sample_loss at step 2500: 0.392606
2023-04-15 20:33:01 INFO     Training average loss at step 2500: 0.712669
2023-04-15 20:33:04 INFO     Training average positive_sample_loss at step 2600: 1.025250
2023-04-15 20:33:04 INFO     Training average negative_sample_loss at step 2600: 0.394578
2023-04-15 20:33:04 INFO     Training average loss at step 2600: 0.709914
2023-04-15 20:33:07 INFO     Training average positive_sample_loss at step 2700: 1.018560
2023-04-15 20:33:07 INFO     Training average negative_sample_loss at step 2700: 0.397544
2023-04-15 20:33:07 INFO     Training average loss at step 2700: 0.708052
2023-04-15 20:33:10 INFO     Training average positive_sample_loss at step 2800: 1.003784
2023-04-15 20:33:10 INFO     Training average negative_sample_loss at step 2800: 0.403156
2023-04-15 20:33:10 INFO     Training average loss at step 2800: 0.703470
2023-04-15 20:33:13 INFO     Training average positive_sample_loss at step 2900: 0.994136
2023-04-15 20:33:13 INFO     Training average negative_sample_loss at step 2900: 0.406100
2023-04-15 20:33:13 INFO     Training average loss at step 2900: 0.700118
2023-04-15 20:33:15 INFO     Training average positive_sample_loss at step 3000: 0.984436
2023-04-15 20:33:15 INFO     Training average negative_sample_loss at step 3000: 0.408884
2023-04-15 20:33:15 INFO     Training average loss at step 3000: 0.696660
2023-04-15 20:33:18 INFO     Training average positive_sample_loss at step 3100: 0.981550
2023-04-15 20:33:18 INFO     Training average negative_sample_loss at step 3100: 0.412439
2023-04-15 20:33:18 INFO     Training average loss at step 3100: 0.696995
2023-04-15 20:33:21 INFO     Training average positive_sample_loss at step 3200: 0.971579
2023-04-15 20:33:21 INFO     Training average negative_sample_loss at step 3200: 0.414669
2023-04-15 20:33:21 INFO     Training average loss at step 3200: 0.693124
2023-04-15 20:33:24 INFO     Training average positive_sample_loss at step 3300: 0.960046
2023-04-15 20:33:24 INFO     Training average negative_sample_loss at step 3300: 0.417795
2023-04-15 20:33:24 INFO     Training average loss at step 3300: 0.688920
2023-04-15 20:33:27 INFO     Training average positive_sample_loss at step 3400: 0.952731
2023-04-15 20:33:27 INFO     Training average negative_sample_loss at step 3400: 0.420467
2023-04-15 20:33:27 INFO     Training average loss at step 3400: 0.686599
2023-04-15 20:33:30 INFO     Training average positive_sample_loss at step 3500: 0.940160
2023-04-15 20:33:30 INFO     Training average negative_sample_loss at step 3500: 0.421776
2023-04-15 20:33:30 INFO     Training average loss at step 3500: 0.680968
2023-04-15 20:33:34 INFO     Training average positive_sample_loss at step 3600: 0.939580
2023-04-15 20:33:34 INFO     Training average negative_sample_loss at step 3600: 0.422625
2023-04-15 20:33:34 INFO     Training average loss at step 3600: 0.681103
2023-04-15 20:33:36 INFO     Training average positive_sample_loss at step 3700: 0.924827
2023-04-15 20:33:36 INFO     Training average negative_sample_loss at step 3700: 0.425115
2023-04-15 20:33:36 INFO     Training average loss at step 3700: 0.674971
2023-04-15 20:33:39 INFO     Training average positive_sample_loss at step 3800: 0.920972
2023-04-15 20:33:39 INFO     Training average negative_sample_loss at step 3800: 0.427437
2023-04-15 20:33:39 INFO     Training average loss at step 3800: 0.674205
2023-04-15 20:33:42 INFO     Training average positive_sample_loss at step 3900: 0.915042
2023-04-15 20:33:42 INFO     Training average negative_sample_loss at step 3900: 0.430661
2023-04-15 20:33:42 INFO     Training average loss at step 3900: 0.672851
2023-04-15 20:33:45 INFO     Training average positive_sample_loss at step 4000: 0.911271
2023-04-15 20:33:45 INFO     Training average negative_sample_loss at step 4000: 0.432589
2023-04-15 20:33:45 INFO     Training average loss at step 4000: 0.671930
2023-04-15 20:33:48 INFO     Training average positive_sample_loss at step 4100: 0.903107
2023-04-15 20:33:48 INFO     Training average negative_sample_loss at step 4100: 0.434080
2023-04-15 20:33:48 INFO     Training average loss at step 4100: 0.668594
2023-04-15 20:33:51 INFO     Training average positive_sample_loss at step 4200: 0.892392
2023-04-15 20:33:51 INFO     Training average negative_sample_loss at step 4200: 0.436578
2023-04-15 20:33:51 INFO     Training average loss at step 4200: 0.664485
2023-04-15 20:33:54 INFO     Training average positive_sample_loss at step 4300: 0.891229
2023-04-15 20:33:54 INFO     Training average negative_sample_loss at step 4300: 0.437363
2023-04-15 20:33:54 INFO     Training average loss at step 4300: 0.664296
2023-04-15 20:33:57 INFO     Training average positive_sample_loss at step 4400: 0.879020
2023-04-15 20:33:57 INFO     Training average negative_sample_loss at step 4400: 0.439136
2023-04-15 20:33:57 INFO     Training average loss at step 4400: 0.659078
2023-04-15 20:34:00 INFO     Training average positive_sample_loss at step 4500: 0.881060
2023-04-15 20:34:00 INFO     Training average negative_sample_loss at step 4500: 0.441381
2023-04-15 20:34:00 INFO     Training average loss at step 4500: 0.661220
2023-04-15 20:34:02 INFO     Training average positive_sample_loss at step 4600: 0.870276
2023-04-15 20:34:02 INFO     Training average negative_sample_loss at step 4600: 0.442247
2023-04-15 20:34:02 INFO     Training average loss at step 4600: 0.656261
2023-04-15 20:34:05 INFO     Training average positive_sample_loss at step 4700: 0.862499
2023-04-15 20:34:05 INFO     Training average negative_sample_loss at step 4700: 0.443842
2023-04-15 20:34:05 INFO     Training average loss at step 4700: 0.653170
2023-04-15 20:34:08 INFO     Training average positive_sample_loss at step 4800: 0.864544
2023-04-15 20:34:08 INFO     Training average negative_sample_loss at step 4800: 0.446601
2023-04-15 20:34:08 INFO     Training average loss at step 4800: 0.655572
2023-04-15 20:34:11 INFO     Training average positive_sample_loss at step 4900: 0.854634
2023-04-15 20:34:11 INFO     Training average negative_sample_loss at step 4900: 0.443658
2023-04-15 20:34:11 INFO     Training average loss at step 4900: 0.649146
2023-04-15 20:34:14 INFO     Change learning_rate to 0.000010 at step 5000
2023-04-15 20:34:14 INFO     Training average positive_sample_loss at step 5000: 0.854499
2023-04-15 20:34:14 INFO     Training average negative_sample_loss at step 5000: 0.446684
2023-04-15 20:34:14 INFO     Training average loss at step 5000: 0.650592
2023-04-15 20:34:17 INFO     Training average positive_sample_loss at step 5100: 0.843248
2023-04-15 20:34:17 INFO     Training average negative_sample_loss at step 5100: 0.447926
2023-04-15 20:34:17 INFO     Training average loss at step 5100: 0.645587
2023-04-15 20:34:20 INFO     Training average positive_sample_loss at step 5200: 0.847212
2023-04-15 20:34:20 INFO     Training average negative_sample_loss at step 5200: 0.446418
2023-04-15 20:34:20 INFO     Training average loss at step 5200: 0.646815
2023-04-15 20:34:23 INFO     Training average positive_sample_loss at step 5300: 0.852463
2023-04-15 20:34:23 INFO     Training average negative_sample_loss at step 5300: 0.445560
2023-04-15 20:34:23 INFO     Training average loss at step 5300: 0.649012
2023-04-15 20:34:26 INFO     Training average positive_sample_loss at step 5400: 0.847997
2023-04-15 20:34:26 INFO     Training average negative_sample_loss at step 5400: 0.445962
2023-04-15 20:34:26 INFO     Training average loss at step 5400: 0.646980
2023-04-15 20:34:29 INFO     Training average positive_sample_loss at step 5500: 0.847641
2023-04-15 20:34:29 INFO     Training average negative_sample_loss at step 5500: 0.447305
2023-04-15 20:34:29 INFO     Training average loss at step 5500: 0.647473
2023-04-15 20:34:32 INFO     Training average positive_sample_loss at step 5600: 0.849365
2023-04-15 20:34:32 INFO     Training average negative_sample_loss at step 5600: 0.446627
2023-04-15 20:34:32 INFO     Training average loss at step 5600: 0.647996
2023-04-15 20:34:34 INFO     Training average positive_sample_loss at step 5700: 0.847513
2023-04-15 20:34:34 INFO     Training average negative_sample_loss at step 5700: 0.446993
2023-04-15 20:34:34 INFO     Training average loss at step 5700: 0.647253
2023-04-15 20:34:37 INFO     Training average positive_sample_loss at step 5800: 0.836423
2023-04-15 20:34:37 INFO     Training average negative_sample_loss at step 5800: 0.447425
2023-04-15 20:34:37 INFO     Training average loss at step 5800: 0.641924
2023-04-15 20:34:40 INFO     Training average positive_sample_loss at step 5900: 0.842435
2023-04-15 20:34:40 INFO     Training average negative_sample_loss at step 5900: 0.447934
2023-04-15 20:34:40 INFO     Training average loss at step 5900: 0.645185
2023-04-15 20:34:43 INFO     Training average positive_sample_loss at step 6000: 0.844579
2023-04-15 20:34:43 INFO     Training average negative_sample_loss at step 6000: 0.449626
2023-04-15 20:34:43 INFO     Training average loss at step 6000: 0.647102
2023-04-15 20:34:46 INFO     Training average positive_sample_loss at step 6100: 0.844750
2023-04-15 20:34:46 INFO     Training average negative_sample_loss at step 6100: 0.448275
2023-04-15 20:34:46 INFO     Training average loss at step 6100: 0.646512
2023-04-15 20:34:49 INFO     Training average positive_sample_loss at step 6200: 0.845011
2023-04-15 20:34:49 INFO     Training average negative_sample_loss at step 6200: 0.447274
2023-04-15 20:34:49 INFO     Training average loss at step 6200: 0.646142
2023-04-15 20:34:52 INFO     Training average positive_sample_loss at step 6300: 0.841412
2023-04-15 20:34:52 INFO     Training average negative_sample_loss at step 6300: 0.448263
2023-04-15 20:34:52 INFO     Training average loss at step 6300: 0.644838
2023-04-15 20:34:54 INFO     Training average positive_sample_loss at step 6400: 0.842141
2023-04-15 20:34:54 INFO     Training average negative_sample_loss at step 6400: 0.447403
2023-04-15 20:34:54 INFO     Training average loss at step 6400: 0.644772
2023-04-15 20:34:57 INFO     Training average positive_sample_loss at step 6500: 0.842574
2023-04-15 20:34:57 INFO     Training average negative_sample_loss at step 6500: 0.448441
2023-04-15 20:34:57 INFO     Training average loss at step 6500: 0.645508
2023-04-15 20:35:00 INFO     Training average positive_sample_loss at step 6600: 0.834980
2023-04-15 20:35:00 INFO     Training average negative_sample_loss at step 6600: 0.447759
2023-04-15 20:35:00 INFO     Training average loss at step 6600: 0.641370
2023-04-15 20:35:03 INFO     Training average positive_sample_loss at step 6700: 0.844309
2023-04-15 20:35:03 INFO     Training average negative_sample_loss at step 6700: 0.449904
2023-04-15 20:35:03 INFO     Training average loss at step 6700: 0.647106
2023-04-15 20:35:06 INFO     Training average positive_sample_loss at step 6800: 0.832930
2023-04-15 20:35:06 INFO     Training average negative_sample_loss at step 6800: 0.448342
2023-04-15 20:35:06 INFO     Training average loss at step 6800: 0.640636
2023-04-15 20:35:09 INFO     Training average positive_sample_loss at step 6900: 0.839260
2023-04-15 20:35:09 INFO     Training average negative_sample_loss at step 6900: 0.447399
2023-04-15 20:35:09 INFO     Training average loss at step 6900: 0.643330
2023-04-15 20:35:12 INFO     Training average positive_sample_loss at step 7000: 0.835142
2023-04-15 20:35:12 INFO     Training average negative_sample_loss at step 7000: 0.447936
2023-04-15 20:35:12 INFO     Training average loss at step 7000: 0.641539
2023-04-15 20:35:15 INFO     Training average positive_sample_loss at step 7100: 0.836439
2023-04-15 20:35:15 INFO     Training average negative_sample_loss at step 7100: 0.449393
2023-04-15 20:35:15 INFO     Training average loss at step 7100: 0.642916
2023-04-15 20:35:18 INFO     Training average positive_sample_loss at step 7200: 0.835244
2023-04-15 20:35:18 INFO     Training average negative_sample_loss at step 7200: 0.448464
2023-04-15 20:35:18 INFO     Training average loss at step 7200: 0.641854
2023-04-15 20:35:21 INFO     Training average positive_sample_loss at step 7300: 0.829889
2023-04-15 20:35:21 INFO     Training average negative_sample_loss at step 7300: 0.451928
2023-04-15 20:35:21 INFO     Training average loss at step 7300: 0.640908
2023-04-15 20:35:23 INFO     Training average positive_sample_loss at step 7400: 0.832328
2023-04-15 20:35:23 INFO     Training average negative_sample_loss at step 7400: 0.450188
2023-04-15 20:35:23 INFO     Training average loss at step 7400: 0.641258
2023-04-15 20:35:26 INFO     Training average positive_sample_loss at step 7500: 0.829425
2023-04-15 20:35:26 INFO     Training average negative_sample_loss at step 7500: 0.449428
2023-04-15 20:35:26 INFO     Training average loss at step 7500: 0.639427
2023-04-15 20:35:29 INFO     Training average positive_sample_loss at step 7600: 0.833373
2023-04-15 20:35:29 INFO     Training average negative_sample_loss at step 7600: 0.451173
2023-04-15 20:35:29 INFO     Training average loss at step 7600: 0.642273
2023-04-15 20:35:32 INFO     Training average positive_sample_loss at step 7700: 0.833096
2023-04-15 20:35:32 INFO     Training average negative_sample_loss at step 7700: 0.449468
2023-04-15 20:35:32 INFO     Training average loss at step 7700: 0.641282
2023-04-15 20:35:35 INFO     Training average positive_sample_loss at step 7800: 0.831217
2023-04-15 20:35:35 INFO     Training average negative_sample_loss at step 7800: 0.449234
2023-04-15 20:35:35 INFO     Training average loss at step 7800: 0.640225
2023-04-15 20:35:38 INFO     Training average positive_sample_loss at step 7900: 0.826343
2023-04-15 20:35:38 INFO     Training average negative_sample_loss at step 7900: 0.450653
2023-04-15 20:35:38 INFO     Training average loss at step 7900: 0.638498
2023-04-15 20:35:41 INFO     Training average positive_sample_loss at step 8000: 0.834616
2023-04-15 20:35:41 INFO     Training average negative_sample_loss at step 8000: 0.447846
2023-04-15 20:35:41 INFO     Training average loss at step 8000: 0.641231
2023-04-15 20:35:44 INFO     Training average positive_sample_loss at step 8100: 0.831238
2023-04-15 20:35:44 INFO     Training average negative_sample_loss at step 8100: 0.448630
2023-04-15 20:35:44 INFO     Training average loss at step 8100: 0.639934
2023-04-15 20:35:46 INFO     Training average positive_sample_loss at step 8200: 0.829422
2023-04-15 20:35:46 INFO     Training average negative_sample_loss at step 8200: 0.449053
2023-04-15 20:35:46 INFO     Training average loss at step 8200: 0.639238
2023-04-15 20:35:49 INFO     Training average positive_sample_loss at step 8300: 0.824253
2023-04-15 20:35:49 INFO     Training average negative_sample_loss at step 8300: 0.450951
2023-04-15 20:35:49 INFO     Training average loss at step 8300: 0.637602
2023-04-15 20:35:52 INFO     Training average positive_sample_loss at step 8400: 0.829242
2023-04-15 20:35:52 INFO     Training average negative_sample_loss at step 8400: 0.448952
2023-04-15 20:35:52 INFO     Training average loss at step 8400: 0.639097
2023-04-15 20:35:55 INFO     Training average positive_sample_loss at step 8500: 0.828898
2023-04-15 20:35:55 INFO     Training average negative_sample_loss at step 8500: 0.450331
2023-04-15 20:35:55 INFO     Training average loss at step 8500: 0.639614
2023-04-15 20:37:04 INFO     Training average positive_sample_loss at step 8600: 0.811025
2023-04-15 20:37:04 INFO     Training average negative_sample_loss at step 8600: 0.448481
2023-04-15 20:37:04 INFO     Training average loss at step 8600: 0.629753
2023-04-15 20:37:07 INFO     Training average positive_sample_loss at step 8700: 0.809794
2023-04-15 20:37:07 INFO     Training average negative_sample_loss at step 8700: 0.450156
2023-04-15 20:37:07 INFO     Training average loss at step 8700: 0.629975
2023-04-15 20:37:10 INFO     Training average positive_sample_loss at step 8800: 0.808501
2023-04-15 20:37:10 INFO     Training average negative_sample_loss at step 8800: 0.450361
2023-04-15 20:37:10 INFO     Training average loss at step 8800: 0.629431
2023-04-15 20:37:13 INFO     Training average positive_sample_loss at step 8900: 0.811521
2023-04-15 20:37:13 INFO     Training average negative_sample_loss at step 8900: 0.449880
2023-04-15 20:37:13 INFO     Training average loss at step 8900: 0.630700
2023-04-15 20:37:16 INFO     Training average positive_sample_loss at step 9000: 0.804106
2023-04-15 20:37:16 INFO     Training average negative_sample_loss at step 9000: 0.450221
2023-04-15 20:37:16 INFO     Training average loss at step 9000: 0.627164
2023-04-15 20:37:19 INFO     Training average positive_sample_loss at step 9100: 0.809558
2023-04-15 20:37:19 INFO     Training average negative_sample_loss at step 9100: 0.448983
2023-04-15 20:37:19 INFO     Training average loss at step 9100: 0.629271
2023-04-15 20:37:22 INFO     Training average positive_sample_loss at step 9200: 0.813757
2023-04-15 20:37:22 INFO     Training average negative_sample_loss at step 9200: 0.449573
2023-04-15 20:37:22 INFO     Training average loss at step 9200: 0.631665
2023-04-15 20:37:25 INFO     Training average positive_sample_loss at step 9300: 0.805363
2023-04-15 20:37:25 INFO     Training average negative_sample_loss at step 9300: 0.451242
2023-04-15 20:37:25 INFO     Training average loss at step 9300: 0.628303
2023-04-15 20:37:27 INFO     Training average positive_sample_loss at step 9400: 0.807263
2023-04-15 20:37:27 INFO     Training average negative_sample_loss at step 9400: 0.451461
2023-04-15 20:37:27 INFO     Training average loss at step 9400: 0.629362
2023-04-15 20:37:30 INFO     Training average positive_sample_loss at step 9500: 0.806189
2023-04-15 20:37:30 INFO     Training average negative_sample_loss at step 9500: 0.450300
2023-04-15 20:37:30 INFO     Training average loss at step 9500: 0.628244
2023-04-15 20:37:33 INFO     Training average positive_sample_loss at step 9600: 0.803969
2023-04-15 20:37:33 INFO     Training average negative_sample_loss at step 9600: 0.451879
2023-04-15 20:37:33 INFO     Training average loss at step 9600: 0.627924
2023-04-15 20:37:36 INFO     Training average positive_sample_loss at step 9700: 0.809872
2023-04-15 20:37:36 INFO     Training average negative_sample_loss at step 9700: 0.450830
2023-04-15 20:37:36 INFO     Training average loss at step 9700: 0.630351
2023-04-15 20:37:39 INFO     Training average positive_sample_loss at step 9800: 0.806303
2023-04-15 20:37:39 INFO     Training average negative_sample_loss at step 9800: 0.450985
2023-04-15 20:37:39 INFO     Training average loss at step 9800: 0.628644
2023-04-15 20:37:42 INFO     Training average positive_sample_loss at step 9900: 0.796525
2023-04-15 20:37:42 INFO     Training average negative_sample_loss at step 9900: 0.452455
2023-04-15 20:37:42 INFO     Training average loss at step 9900: 0.624490
2023-04-15 20:37:45 INFO     Evaluating on Valid Dataset...
2023-04-15 20:38:09 INFO     Evaluating the model... (0/2192)
2023-04-15 20:41:02 INFO     Evaluating the model... (1000/2192)
2023-04-15 20:44:07 INFO     Evaluating the model... (2000/2192)
2023-04-15 20:44:32 INFO     Valid MRR at step 9999: 0.072019
2023-04-15 20:44:32 INFO     Valid MR at step 9999: 3911.624665
2023-04-15 20:44:32 INFO     Valid HITS@1 at step 9999: 0.051183
2023-04-15 20:44:32 INFO     Valid HITS@3 at step 9999: 0.078015
2023-04-15 20:44:32 INFO     Valid HITS@10 at step 9999: 0.109296